This file contains any messages produced by compilers while
running configure, to aid debugging if configure makes a mistake.

It was created by leptonica configure 1.84.1, which was
generated by GNU Autoconf 2.69.  Invocation command line was

  $ ./configure 

## --------- ##
## Platform. ##
## --------- ##

hostname = ip-172-16-35-17.us-west-2.compute.internal
uname -m = x86_64
uname -r = 5.10.226-214.880.amzn2.x86_64
uname -s = Linux
uname -v = #1 SMP Tue Oct 8 16:18:15 UTC 2024

/usr/bin/uname -p = x86_64
/bin/uname -X     = unknown

/bin/arch              = x86_64
/usr/bin/arch -k       = unknown
/usr/convex/getsysinfo = unknown
/usr/bin/hostinfo      = unknown
/bin/machine           = unknown
/usr/bin/oslevel       = unknown
/bin/universe          = unknown

PATH: /sbin
PATH: /bin
PATH: /usr/sbin
PATH: /usr/bin


## ----------- ##
## Core tests. ##
## ----------- ##

configure:2438: checking build system type
configure:2452: result: x86_64-pc-linux-gnu
configure:2472: checking host system type
configure:2485: result: x86_64-pc-linux-gnu
configure:2526: checking how to print strings
configure:2553: result: printf
configure:2625: checking for gcc
configure:2641: found /bin/gcc
configure:2652: result: gcc
configure:2881: checking for C compiler version
configure:2890: gcc --version >&5
gcc (GCC) 7.3.1 20180712 (Red Hat 7.3.1-17)
Copyright (C) 2017 Free Software Foundation, Inc.
This is free software; see the source for copying conditions.  There is NO
warranty; not even for MERCHANTABILITY or FITNESS FOR A PARTICULAR PURPOSE.

configure:2901: $? = 0
configure:2890: gcc -v >&5
Using built-in specs.
COLLECT_GCC=gcc
COLLECT_LTO_WRAPPER=/usr/libexec/gcc/x86_64-redhat-linux/7/lto-wrapper
Target: x86_64-redhat-linux
Configured with: ../configure --enable-bootstrap --enable-languages=c,c++,objc,obj-c++,fortran,ada,go,lto --prefix=/usr --mandir=/usr/share/man --infodir=/usr/share/info --with-bugurl=http://bugzilla.redhat.com/bugzilla --enable-shared --enable-threads=posix --enable-checking=release --enable-multilib --with-system-zlib --enable-__cxa_atexit --disable-libunwind-exceptions --enable-gnu-unique-object --enable-linker-build-id --with-gcc-major-version-only --with-linker-hash-style=gnu --enable-plugin --enable-initfini-array --with-isl --enable-libmpx --enable-libsanitizer --enable-gnu-indirect-function --enable-libcilkrts --enable-libatomic --enable-libquadmath --enable-libitm --with-tune=generic --with-arch_32=x86-64 --build=x86_64-redhat-linux
Thread model: posix
gcc version 7.3.1 20180712 (Red Hat 7.3.1-17) (GCC) 
configure:2901: $? = 0
configure:2890: gcc -V >&5
gcc: error: unrecognized command line option '-V'
gcc: fatal error: no input files
compilation terminated.
configure:2901: $? = 1
configure:2890: gcc -qversion >&5
gcc: error: unrecognized command line option '-qversion'; did you mean '--version'?
gcc: fatal error: no input files
compilation terminated.
configure:2901: $? = 1
configure:2921: checking whether the C compiler works
configure:2943: gcc    conftest.c  >&5
configure:2947: $? = 0
configure:2995: result: yes
configure:2998: checking for C compiler default output file name
configure:3000: result: a.out
configure:3006: checking for suffix of executables
configure:3013: gcc -o conftest    conftest.c  >&5
configure:3017: $? = 0
configure:3039: result: 
configure:3061: checking whether we are cross compiling
configure:3069: gcc -o conftest    conftest.c  >&5
configure:3073: $? = 0
configure:3080: ./conftest
configure:3084: $? = 0
configure:3099: result: no
configure:3104: checking for suffix of object files
configure:3126: gcc -c   conftest.c >&5
configure:3130: $? = 0
configure:3151: result: o
configure:3155: checking whether we are using the GNU C compiler
configure:3174: gcc -c   conftest.c >&5
configure:3174: $? = 0
configure:3183: result: yes
configure:3192: checking whether gcc accepts -g
configure:3212: gcc -c -g  conftest.c >&5
configure:3212: $? = 0
configure:3253: result: yes
configure:3270: checking for gcc option to accept ISO C89
configure:3333: gcc  -c -g -O2  conftest.c >&5
configure:3333: $? = 0
configure:3346: result: none needed
configure:3371: checking whether gcc understands -c and -o together
configure:3393: gcc -c conftest.c -o conftest2.o
configure:3396: $? = 0
configure:3393: gcc -c conftest.c -o conftest2.o
configure:3396: $? = 0
configure:3408: result: yes
configure:3425: checking for a sed that does not truncate output
configure:3489: result: /bin/sed
configure:3507: checking for grep that handles long lines and -e
configure:3565: result: /bin/grep
configure:3570: checking for egrep
configure:3632: result: /bin/grep -E
configure:3637: checking for fgrep
configure:3699: result: /bin/grep -F
configure:3734: checking for ld used by gcc
configure:3801: result: /bin/ld
configure:3808: checking if the linker (/bin/ld) is GNU ld
configure:3823: result: yes
configure:3835: checking for BSD- or MS-compatible name lister (nm)
configure:3889: result: /bin/nm -B
configure:4019: checking the name lister (/bin/nm -B) interface
configure:4026: gcc -c -g -O2  conftest.c >&5
configure:4029: /bin/nm -B "conftest.o"
configure:4032: output
0000000000000000 B some_variable
configure:4039: result: BSD nm
configure:4042: checking whether ln -s works
configure:4046: result: yes
configure:4054: checking the maximum length of command line arguments
configure:4185: result: 1572864
configure:4233: checking how to convert x86_64-pc-linux-gnu file names to x86_64-pc-linux-gnu format
configure:4273: result: func_convert_file_noop
configure:4280: checking how to convert x86_64-pc-linux-gnu file names to toolchain format
configure:4300: result: func_convert_file_noop
configure:4307: checking for /bin/ld option to reload object files
configure:4314: result: -r
configure:4388: checking for objdump
configure:4404: found /bin/objdump
configure:4415: result: objdump
configure:4447: checking how to recognize dependent libraries
configure:4647: result: pass_all
configure:4732: checking for dlltool
configure:4762: result: no
configure:4792: checking how to associate runtime and link libraries
configure:4819: result: printf %s\n
configure:4880: checking for ar
configure:4896: found /bin/ar
configure:4907: result: ar
configure:4944: checking for archiver @FILE support
configure:4961: gcc -c -g -O2  conftest.c >&5
configure:4961: $? = 0
configure:4964: ar cr libconftest.a @conftest.lst >&5
configure:4967: $? = 0
configure:4972: ar cr libconftest.a @conftest.lst >&5
ar: conftest.o: No such file or directory
configure:4975: $? = 1
configure:4987: result: @
configure:5045: checking for strip
configure:5061: found /bin/strip
configure:5072: result: strip
configure:5144: checking for ranlib
configure:5160: found /bin/ranlib
configure:5171: result: ranlib
configure:5248: checking for gawk
configure:5264: found /bin/gawk
configure:5275: result: gawk
configure:5315: checking command to parse /bin/nm -B output from gcc object
configure:5468: gcc -c -g -O2  conftest.c >&5
configure:5471: $? = 0
configure:5475: /bin/nm -B conftest.o | sed -n -e 's/^.*[	 ]\([ABCDGIRSTW][ABCDGIRSTW]*\)[	 ][	 ]*\([_A-Za-z][_A-Za-z0-9]*\)$/\1 \2 \2/p' | sed '/ __gnu_lto/d' > conftest.nm
configure:5541: gcc -o conftest -g -O2   conftest.c conftstm.o >&5
configure:5544: $? = 0
configure:5582: result: ok
configure:5629: checking for sysroot
configure:5659: result: no
configure:5666: checking for a working dd
configure:5704: result: /bin/dd
configure:5708: checking how to truncate binary pipes
configure:5723: result: /bin/dd bs=4096 count=1
configure:5859: gcc -c -g -O2  conftest.c >&5
configure:5862: $? = 0
configure:6052: checking for mt
configure:6082: result: no
configure:6102: checking if : is a manifest tool
configure:6108: : '-?'
configure:6116: result: no
configure:6793: checking how to run the C preprocessor
configure:6824: gcc -E  conftest.c
configure:6824: $? = 0
configure:6838: gcc -E  conftest.c
conftest.c:9:10: fatal error: ac_nonexistent.h: No such file or directory
 #include <ac_nonexistent.h>
          ^~~~~~~~~~~~~~~~~~
compilation terminated.
configure:6838: $? = 1
configure: failed program was:
| /* confdefs.h */
| #define PACKAGE_NAME "leptonica"
| #define PACKAGE_TARNAME "leptonica"
| #define PACKAGE_VERSION "1.84.1"
| #define PACKAGE_STRING "leptonica 1.84.1"
| #define PACKAGE_BUGREPORT ""
| #define PACKAGE_URL ""
| /* end confdefs.h.  */
| #include <ac_nonexistent.h>
configure:6863: result: gcc -E
configure:6883: gcc -E  conftest.c
configure:6883: $? = 0
configure:6897: gcc -E  conftest.c
conftest.c:9:10: fatal error: ac_nonexistent.h: No such file or directory
 #include <ac_nonexistent.h>
          ^~~~~~~~~~~~~~~~~~
compilation terminated.
configure:6897: $? = 1
configure: failed program was:
| /* confdefs.h */
| #define PACKAGE_NAME "leptonica"
| #define PACKAGE_TARNAME "leptonica"
| #define PACKAGE_VERSION "1.84.1"
| #define PACKAGE_STRING "leptonica 1.84.1"
| #define PACKAGE_BUGREPORT ""
| #define PACKAGE_URL ""
| /* end confdefs.h.  */
| #include <ac_nonexistent.h>
configure:6926: checking for ANSI C header files
configure:6946: gcc -c -g -O2  conftest.c >&5
configure:6946: $? = 0
configure:7019: gcc -o conftest -g -O2   conftest.c  >&5
configure:7019: $? = 0
configure:7019: ./conftest
configure:7019: $? = 0
configure:7030: result: yes
configure:7043: checking for sys/types.h
configure:7043: gcc -c -g -O2  conftest.c >&5
configure:7043: $? = 0
configure:7043: result: yes
configure:7043: checking for sys/stat.h
configure:7043: gcc -c -g -O2  conftest.c >&5
configure:7043: $? = 0
configure:7043: result: yes
configure:7043: checking for stdlib.h
configure:7043: gcc -c -g -O2  conftest.c >&5
configure:7043: $? = 0
configure:7043: result: yes
configure:7043: checking for string.h
configure:7043: gcc -c -g -O2  conftest.c >&5
configure:7043: $? = 0
configure:7043: result: yes
configure:7043: checking for memory.h
configure:7043: gcc -c -g -O2  conftest.c >&5
configure:7043: $? = 0
configure:7043: result: yes
configure:7043: checking for strings.h
configure:7043: gcc -c -g -O2  conftest.c >&5
configure:7043: $? = 0
configure:7043: result: yes
configure:7043: checking for inttypes.h
configure:7043: gcc -c -g -O2  conftest.c >&5
configure:7043: $? = 0
configure:7043: result: yes
configure:7043: checking for stdint.h
configure:7043: gcc -c -g -O2  conftest.c >&5
configure:7043: $? = 0
configure:7043: result: yes
configure:7043: checking for unistd.h
configure:7043: gcc -c -g -O2  conftest.c >&5
configure:7043: $? = 0
configure:7043: result: yes
configure:7057: checking for dlfcn.h
configure:7057: gcc -c -g -O2  conftest.c >&5
configure:7057: $? = 0
configure:7057: result: yes
configure:7313: checking for objdir
configure:7328: result: .libs
configure:7592: checking if gcc supports -fno-rtti -fno-exceptions
configure:7610: gcc -c -g -O2  -fno-rtti -fno-exceptions conftest.c >&5
cc1: warning: command line option '-fno-rtti' is valid for C++/ObjC++ but not for C
configure:7614: $? = 0
configure:7627: result: no
configure:7991: checking for gcc option to produce PIC
configure:7998: result: -fPIC -DPIC
configure:8006: checking if gcc PIC flag -fPIC -DPIC works
configure:8024: gcc -c -g -O2  -fPIC -DPIC -DPIC conftest.c >&5
configure:8028: $? = 0
configure:8041: result: yes
configure:8070: checking if gcc static flag -static works
configure:8098: result: no
configure:8113: checking if gcc supports -c -o file.o
configure:8134: gcc -c -g -O2  -o out/conftest2.o conftest.c >&5
configure:8138: $? = 0
configure:8160: result: yes
configure:8168: checking if gcc supports -c -o file.o
configure:8215: result: yes
configure:8248: checking whether the gcc linker (/bin/ld -m elf_x86_64) supports shared libraries
configure:9511: result: yes
configure:9548: checking whether -lc should be explicitly linked in
configure:9556: gcc -c -g -O2  conftest.c >&5
configure:9559: $? = 0
configure:9574: gcc -shared  -fPIC -DPIC conftest.o  -v -Wl,-soname -Wl,conftest -o conftest 2\>\&1 \| /bin/grep  -lc  \>/dev/null 2\>\&1
configure:9577: $? = 0
configure:9591: result: no
configure:9751: checking dynamic linker characteristics
configure:10332: gcc -o conftest -g -O2   -Wl,-rpath -Wl,/foo conftest.c  >&5
configure:10332: $? = 0
configure:10581: result: GNU/Linux ld.so
configure:10703: checking how to hardcode library paths into programs
configure:10728: result: immediate
configure:11276: checking whether stripping libraries is possible
configure:11281: result: yes
configure:11316: checking if libtool supports shared libraries
configure:11318: result: yes
configure:11321: checking whether to build shared libraries
configure:11346: result: yes
configure:11349: checking whether to build static libraries
configure:11353: result: yes
configure:11407: checking for a BSD-compatible install
configure:11475: result: /bin/install -c
configure:11486: checking whether build environment is sane
configure:11541: result: yes
configure:11689: checking for a thread-safe mkdir -p
configure:11728: result: /bin/mkdir -p
configure:11731: checking whether make sets $(MAKE)
configure:11753: result: yes
configure:11775: checking whether make supports the include directive
configure:11790: make -f confmf.GNU && cat confinc.out
this is the am__doit target
configure:11793: $? = 0
configure:11812: result: yes (GNU style)
configure:11845: checking whether make supports nested variables
configure:11862: result: yes
configure:11947: checking dependency style of gcc
configure:12058: result: gcc3
configure:12129: checking for gawk
configure:12156: result: gawk
configure:12215: checking for gcc
configure:12242: result: gcc
configure:12471: checking for C compiler version
configure:12480: gcc --version >&5
gcc (GCC) 7.3.1 20180712 (Red Hat 7.3.1-17)
Copyright (C) 2017 Free Software Foundation, Inc.
This is free software; see the source for copying conditions.  There is NO
warranty; not even for MERCHANTABILITY or FITNESS FOR A PARTICULAR PURPOSE.

configure:12491: $? = 0
configure:12480: gcc -v >&5
Using built-in specs.
COLLECT_GCC=gcc
COLLECT_LTO_WRAPPER=/usr/libexec/gcc/x86_64-redhat-linux/7/lto-wrapper
Target: x86_64-redhat-linux
Configured with: ../configure --enable-bootstrap --enable-languages=c,c++,objc,obj-c++,fortran,ada,go,lto --prefix=/usr --mandir=/usr/share/man --infodir=/usr/share/info --with-bugurl=http://bugzilla.redhat.com/bugzilla --enable-shared --enable-threads=posix --enable-checking=release --enable-multilib --with-system-zlib --enable-__cxa_atexit --disable-libunwind-exceptions --enable-gnu-unique-object --enable-linker-build-id --with-gcc-major-version-only --with-linker-hash-style=gnu --enable-plugin --enable-initfini-array --with-isl --enable-libmpx --enable-libsanitizer --enable-gnu-indirect-function --enable-libcilkrts --enable-libatomic --enable-libquadmath --enable-libitm --with-tune=generic --with-arch_32=x86-64 --build=x86_64-redhat-linux
Thread model: posix
gcc version 7.3.1 20180712 (Red Hat 7.3.1-17) (GCC) 
configure:12491: $? = 0
configure:12480: gcc -V >&5
gcc: error: unrecognized command line option '-V'
gcc: fatal error: no input files
compilation terminated.
configure:12491: $? = 1
configure:12480: gcc -qversion >&5
gcc: error: unrecognized command line option '-qversion'; did you mean '--version'?
gcc: fatal error: no input files
compilation terminated.
configure:12491: $? = 1
configure:12495: checking whether we are using the GNU C compiler
configure:12523: result: yes
configure:12532: checking whether gcc accepts -g
configure:12593: result: yes
configure:12610: checking for gcc option to accept ISO C89
configure:12686: result: none needed
configure:12711: checking whether gcc understands -c and -o together
configure:12748: result: yes
configure:12770: checking how to run the C preprocessor
configure:12840: result: gcc -E
configure:12860: gcc -E  conftest.c
configure:12860: $? = 0
configure:12874: gcc -E  conftest.c
conftest.c:23:10: fatal error: ac_nonexistent.h: No such file or directory
 #include <ac_nonexistent.h>
          ^~~~~~~~~~~~~~~~~~
compilation terminated.
configure:12874: $? = 1
configure: failed program was:
| /* confdefs.h */
| #define PACKAGE_NAME "leptonica"
| #define PACKAGE_TARNAME "leptonica"
| #define PACKAGE_VERSION "1.84.1"
| #define PACKAGE_STRING "leptonica 1.84.1"
| #define PACKAGE_BUGREPORT ""
| #define PACKAGE_URL ""
| #define STDC_HEADERS 1
| #define HAVE_SYS_TYPES_H 1
| #define HAVE_SYS_STAT_H 1
| #define HAVE_STDLIB_H 1
| #define HAVE_STRING_H 1
| #define HAVE_MEMORY_H 1
| #define HAVE_STRINGS_H 1
| #define HAVE_INTTYPES_H 1
| #define HAVE_STDINT_H 1
| #define HAVE_UNISTD_H 1
| #define HAVE_DLFCN_H 1
| #define LT_OBJDIR ".libs/"
| #define PACKAGE "leptonica"
| #define VERSION "1.84.1"
| /* end confdefs.h.  */
| #include <ac_nonexistent.h>
configure:12903: checking whether ln -s works
configure:12907: result: yes
configure:12914: checking whether make sets $(MAKE)
configure:12936: result: yes
configure:13099: checking for cos in -lm
configure:13124: gcc -o conftest -g -O2   conftest.c -lm   >&5
conftest.c:30:6: warning: conflicting types for built-in function 'cos' [-Wbuiltin-declaration-mismatch]
 char cos ();
      ^~~
configure:13124: $? = 0
configure:13133: result: yes
configure:13198: checking for pkg-config
configure:13216: found /bin/pkg-config
configure:13228: result: /bin/pkg-config
configure:13253: checking pkg-config is at least version 0.9.0
configure:13256: result: yes
configure:13274: checking for ZLIB
configure:13281: $PKG_CONFIG --exists --print-errors "zlib"
configure:13284: $? = 0
configure:13298: $PKG_CONFIG --exists --print-errors "zlib"
configure:13301: $? = 0
configure:13471: result: yes
configure:13492: checking for LIBPNG
configure:13499: $PKG_CONFIG --exists --print-errors "libpng"
configure:13502: $? = 0
configure:13516: $PKG_CONFIG --exists --print-errors "libpng"
configure:13519: $? = 0
configure:13689: result: yes
configure:13710: checking for JPEG
configure:13717: $PKG_CONFIG --exists --print-errors "libjpeg"
configure:13720: $? = 0
configure:13734: $PKG_CONFIG --exists --print-errors "libjpeg"
configure:13737: $? = 0
configure:13907: result: yes
configure:13926: checking for DGifOpenFileHandle in -lgif
configure:13951: gcc -o conftest -g -O2   conftest.c -lgif   >&5
/bin/ld: cannot find -lgif
collect2: error: ld returned 1 exit status
configure:13951: $? = 1
configure: failed program was:
| /* confdefs.h */
| #define PACKAGE_NAME "leptonica"
| #define PACKAGE_TARNAME "leptonica"
| #define PACKAGE_VERSION "1.84.1"
| #define PACKAGE_STRING "leptonica 1.84.1"
| #define PACKAGE_BUGREPORT ""
| #define PACKAGE_URL ""
| #define STDC_HEADERS 1
| #define HAVE_SYS_TYPES_H 1
| #define HAVE_SYS_STAT_H 1
| #define HAVE_STDLIB_H 1
| #define HAVE_STRING_H 1
| #define HAVE_MEMORY_H 1
| #define HAVE_STRINGS_H 1
| #define HAVE_INTTYPES_H 1
| #define HAVE_STDINT_H 1
| #define HAVE_UNISTD_H 1
| #define HAVE_DLFCN_H 1
| #define LT_OBJDIR ".libs/"
| #define PACKAGE "leptonica"
| #define VERSION "1.84.1"
| #define HAVE_LIBZ 1
| #define HAVE_LIBPNG 1
| #define HAVE_LIBJPEG 1
| /* end confdefs.h.  */
| 
| /* Override any GCC internal prototype to avoid an error.
|    Use char because int might match the return type of a GCC
|    builtin and then its argument prototype would still apply.  */
| #ifdef __cplusplus
| extern "C"
| #endif
| char DGifOpenFileHandle ();
| int
| main ()
| {
| return DGifOpenFileHandle ();
|   ;
|   return 0;
| }
configure:13960: result: no
configure:13968: checking gif_lib.h usability
configure:13968: gcc -c -g -O2  conftest.c >&5
conftest.c:59:10: fatal error: gif_lib.h: No such file or directory
 #include <gif_lib.h>
          ^~~~~~~~~~~
compilation terminated.
configure:13968: $? = 1
configure: failed program was:
| /* confdefs.h */
| #define PACKAGE_NAME "leptonica"
| #define PACKAGE_TARNAME "leptonica"
| #define PACKAGE_VERSION "1.84.1"
| #define PACKAGE_STRING "leptonica 1.84.1"
| #define PACKAGE_BUGREPORT ""
| #define PACKAGE_URL ""
| #define STDC_HEADERS 1
| #define HAVE_SYS_TYPES_H 1
| #define HAVE_SYS_STAT_H 1
| #define HAVE_STDLIB_H 1
| #define HAVE_STRING_H 1
| #define HAVE_MEMORY_H 1
| #define HAVE_STRINGS_H 1
| #define HAVE_INTTYPES_H 1
| #define HAVE_STDINT_H 1
| #define HAVE_UNISTD_H 1
| #define HAVE_DLFCN_H 1
| #define LT_OBJDIR ".libs/"
| #define PACKAGE "leptonica"
| #define VERSION "1.84.1"
| #define HAVE_LIBZ 1
| #define HAVE_LIBPNG 1
| #define HAVE_LIBJPEG 1
| /* end confdefs.h.  */
| #include <stdio.h>
| #ifdef HAVE_SYS_TYPES_H
| # include <sys/types.h>
| #endif
| #ifdef HAVE_SYS_STAT_H
| # include <sys/stat.h>
| #endif
| #ifdef STDC_HEADERS
| # include <stdlib.h>
| # include <stddef.h>
| #else
| # ifdef HAVE_STDLIB_H
| #  include <stdlib.h>
| # endif
| #endif
| #ifdef HAVE_STRING_H
| # if !defined STDC_HEADERS && defined HAVE_MEMORY_H
| #  include <memory.h>
| # endif
| # include <string.h>
| #endif
| #ifdef HAVE_STRINGS_H
| # include <strings.h>
| #endif
| #ifdef HAVE_INTTYPES_H
| # include <inttypes.h>
| #endif
| #ifdef HAVE_STDINT_H
| # include <stdint.h>
| #endif
| #ifdef HAVE_UNISTD_H
| # include <unistd.h>
| #endif
| #include <gif_lib.h>
configure:13968: result: no
configure:13968: checking gif_lib.h presence
configure:13968: gcc -E  conftest.c
conftest.c:26:10: fatal error: gif_lib.h: No such file or directory
 #include <gif_lib.h>
          ^~~~~~~~~~~
compilation terminated.
configure:13968: $? = 1
configure: failed program was:
| /* confdefs.h */
| #define PACKAGE_NAME "leptonica"
| #define PACKAGE_TARNAME "leptonica"
| #define PACKAGE_VERSION "1.84.1"
| #define PACKAGE_STRING "leptonica 1.84.1"
| #define PACKAGE_BUGREPORT ""
| #define PACKAGE_URL ""
| #define STDC_HEADERS 1
| #define HAVE_SYS_TYPES_H 1
| #define HAVE_SYS_STAT_H 1
| #define HAVE_STDLIB_H 1
| #define HAVE_STRING_H 1
| #define HAVE_MEMORY_H 1
| #define HAVE_STRINGS_H 1
| #define HAVE_INTTYPES_H 1
| #define HAVE_STDINT_H 1
| #define HAVE_UNISTD_H 1
| #define HAVE_DLFCN_H 1
| #define LT_OBJDIR ".libs/"
| #define PACKAGE "leptonica"
| #define VERSION "1.84.1"
| #define HAVE_LIBZ 1
| #define HAVE_LIBPNG 1
| #define HAVE_LIBJPEG 1
| /* end confdefs.h.  */
| #include <gif_lib.h>
configure:13968: result: no
configure:13968: checking for gif_lib.h
configure:13968: result: no
configure:14044: checking for LIBTIFF
configure:14051: $PKG_CONFIG --exists --print-errors "libtiff-4"
configure:14054: $? = 0
configure:14068: $PKG_CONFIG --exists --print-errors "libtiff-4"
configure:14071: $? = 0
configure:14241: result: yes
configure:14262: checking for LIBWEBP
configure:14269: $PKG_CONFIG --exists --print-errors "libwebp"
configure:14272: $? = 0
configure:14286: $PKG_CONFIG --exists --print-errors "libwebp"
configure:14289: $? = 0
configure:14459: result: yes
configure:14489: checking for LIBWEBPMUX
configure:14496: $PKG_CONFIG --exists --print-errors "libwebpmux >= 0.5.0"
Requested 'libwebpmux >= 0.5.0' but version of libwebpmux is 0.3.0
configure:14499: $? = 1
configure:14513: $PKG_CONFIG --exists --print-errors "libwebpmux >= 0.5.0"
Requested 'libwebpmux >= 0.5.0' but version of libwebpmux is 0.3.0
configure:14516: $? = 1
configure:14530: result: no
Requested 'libwebpmux >= 0.5.0' but version of libwebpmux is 0.3.0
configure:14547: checking for WebPAnimEncoderOptionsInit in -lwebpmux
configure:14572: gcc -o conftest -g -O2   conftest.c -lwebpmux -lm  >&5
/tmp/ccH03D9n.o: In function `main':
/home/ec2-user/SageMaker/aws-ai-ml-workshop-kr/genai/aws-gen-ai-kr/20_applications/02_qa_chatbot/10_hands_on_lab/02_rag_over_complex_pdf/setup/leptonica-1.84.1/conftest.c:39: undefined reference to `WebPAnimEncoderOptionsInit'
collect2: error: ld returned 1 exit status
configure:14572: $? = 1
configure: failed program was:
| /* confdefs.h */
| #define PACKAGE_NAME "leptonica"
| #define PACKAGE_TARNAME "leptonica"
| #define PACKAGE_VERSION "1.84.1"
| #define PACKAGE_STRING "leptonica 1.84.1"
| #define PACKAGE_BUGREPORT ""
| #define PACKAGE_URL ""
| #define STDC_HEADERS 1
| #define HAVE_SYS_TYPES_H 1
| #define HAVE_SYS_STAT_H 1
| #define HAVE_STDLIB_H 1
| #define HAVE_STRING_H 1
| #define HAVE_MEMORY_H 1
| #define HAVE_STRINGS_H 1
| #define HAVE_INTTYPES_H 1
| #define HAVE_STDINT_H 1
| #define HAVE_UNISTD_H 1
| #define HAVE_DLFCN_H 1
| #define LT_OBJDIR ".libs/"
| #define PACKAGE "leptonica"
| #define VERSION "1.84.1"
| #define HAVE_LIBZ 1
| #define HAVE_LIBPNG 1
| #define HAVE_LIBJPEG 1
| #define HAVE_LIBTIFF 1
| #define HAVE_LIBWEBP 1
| /* end confdefs.h.  */
| 
| /* Override any GCC internal prototype to avoid an error.
|    Use char because int might match the return type of a GCC
|    builtin and then its argument prototype would still apply.  */
| #ifdef __cplusplus
| extern "C"
| #endif
| char WebPAnimEncoderOptionsInit ();
| int
| main ()
| {
| return WebPAnimEncoderOptionsInit ();
|   ;
|   return 0;
| }
configure:14581: result: no
configure:14700: checking for LIBJP2K
configure:14707: $PKG_CONFIG --exists --print-errors "libopenjp2 >= 2.0.0"
Package libopenjp2 was not found in the pkg-config search path.
Perhaps you should add the directory containing `libopenjp2.pc'
to the PKG_CONFIG_PATH environment variable
No package 'libopenjp2' found
configure:14710: $? = 1
configure:14724: $PKG_CONFIG --exists --print-errors "libopenjp2 >= 2.0.0"
Package libopenjp2 was not found in the pkg-config search path.
Perhaps you should add the directory containing `libopenjp2.pc'
to the PKG_CONFIG_PATH environment variable
No package 'libopenjp2' found
configure:14727: $? = 1
configure:14741: result: no
No package 'libopenjp2' found
configure:14758: checking for opj_create_decompress in -lopenjp2
configure:14783: gcc -o conftest -g -O2   conftest.c -lopenjp2   >&5
/bin/ld: cannot find -lopenjp2
collect2: error: ld returned 1 exit status
configure:14783: $? = 1
configure: failed program was:
| /* confdefs.h */
| #define PACKAGE_NAME "leptonica"
| #define PACKAGE_TARNAME "leptonica"
| #define PACKAGE_VERSION "1.84.1"
| #define PACKAGE_STRING "leptonica 1.84.1"
| #define PACKAGE_BUGREPORT ""
| #define PACKAGE_URL ""
| #define STDC_HEADERS 1
| #define HAVE_SYS_TYPES_H 1
| #define HAVE_SYS_STAT_H 1
| #define HAVE_STDLIB_H 1
| #define HAVE_STRING_H 1
| #define HAVE_MEMORY_H 1
| #define HAVE_STRINGS_H 1
| #define HAVE_INTTYPES_H 1
| #define HAVE_STDINT_H 1
| #define HAVE_UNISTD_H 1
| #define HAVE_DLFCN_H 1
| #define LT_OBJDIR ".libs/"
| #define PACKAGE "leptonica"
| #define VERSION "1.84.1"
| #define HAVE_LIBZ 1
| #define HAVE_LIBPNG 1
| #define HAVE_LIBJPEG 1
| #define HAVE_LIBTIFF 1
| #define HAVE_LIBWEBP 1
| /* end confdefs.h.  */
| 
| /* Override any GCC internal prototype to avoid an error.
|    Use char because int might match the return type of a GCC
|    builtin and then its argument prototype would still apply.  */
| #ifdef __cplusplus
| extern "C"
| #endif
| char opj_create_decompress ();
| int
| main ()
| {
| return opj_create_decompress ();
|   ;
|   return 0;
| }
configure:14792: result: no
configure:14803: checking openjpeg-2.3/openjpeg.h usability
configure:14803: gcc -c -g -O2  conftest.c >&5
conftest.c:61:10: fatal error: openjpeg-2.3/openjpeg.h: No such file or directory
 #include <openjpeg-2.3/openjpeg.h>
          ^~~~~~~~~~~~~~~~~~~~~~~~~
compilation terminated.
configure:14803: $? = 1
configure: failed program was:
| /* confdefs.h */
| #define PACKAGE_NAME "leptonica"
| #define PACKAGE_TARNAME "leptonica"
| #define PACKAGE_VERSION "1.84.1"
| #define PACKAGE_STRING "leptonica 1.84.1"
| #define PACKAGE_BUGREPORT ""
| #define PACKAGE_URL ""
| #define STDC_HEADERS 1
| #define HAVE_SYS_TYPES_H 1
| #define HAVE_SYS_STAT_H 1
| #define HAVE_STDLIB_H 1
| #define HAVE_STRING_H 1
| #define HAVE_MEMORY_H 1
| #define HAVE_STRINGS_H 1
| #define HAVE_INTTYPES_H 1
| #define HAVE_STDINT_H 1
| #define HAVE_UNISTD_H 1
| #define HAVE_DLFCN_H 1
| #define LT_OBJDIR ".libs/"
| #define PACKAGE "leptonica"
| #define VERSION "1.84.1"
| #define HAVE_LIBZ 1
| #define HAVE_LIBPNG 1
| #define HAVE_LIBJPEG 1
| #define HAVE_LIBTIFF 1
| #define HAVE_LIBWEBP 1
| /* end confdefs.h.  */
| #include <stdio.h>
| #ifdef HAVE_SYS_TYPES_H
| # include <sys/types.h>
| #endif
| #ifdef HAVE_SYS_STAT_H
| # include <sys/stat.h>
| #endif
| #ifdef STDC_HEADERS
| # include <stdlib.h>
| # include <stddef.h>
| #else
| # ifdef HAVE_STDLIB_H
| #  include <stdlib.h>
| # endif
| #endif
| #ifdef HAVE_STRING_H
| # if !defined STDC_HEADERS && defined HAVE_MEMORY_H
| #  include <memory.h>
| # endif
| # include <string.h>
| #endif
| #ifdef HAVE_STRINGS_H
| # include <strings.h>
| #endif
| #ifdef HAVE_INTTYPES_H
| # include <inttypes.h>
| #endif
| #ifdef HAVE_STDINT_H
| # include <stdint.h>
| #endif
| #ifdef HAVE_UNISTD_H
| # include <unistd.h>
| #endif
| #include <openjpeg-2.3/openjpeg.h>
configure:14803: result: no
configure:14803: checking openjpeg-2.3/openjpeg.h presence
configure:14803: gcc -E  conftest.c
conftest.c:28:10: fatal error: openjpeg-2.3/openjpeg.h: No such file or directory
 #include <openjpeg-2.3/openjpeg.h>
          ^~~~~~~~~~~~~~~~~~~~~~~~~
compilation terminated.
configure:14803: $? = 1
configure: failed program was:
| /* confdefs.h */
| #define PACKAGE_NAME "leptonica"
| #define PACKAGE_TARNAME "leptonica"
| #define PACKAGE_VERSION "1.84.1"
| #define PACKAGE_STRING "leptonica 1.84.1"
| #define PACKAGE_BUGREPORT ""
| #define PACKAGE_URL ""
| #define STDC_HEADERS 1
| #define HAVE_SYS_TYPES_H 1
| #define HAVE_SYS_STAT_H 1
| #define HAVE_STDLIB_H 1
| #define HAVE_STRING_H 1
| #define HAVE_MEMORY_H 1
| #define HAVE_STRINGS_H 1
| #define HAVE_INTTYPES_H 1
| #define HAVE_STDINT_H 1
| #define HAVE_UNISTD_H 1
| #define HAVE_DLFCN_H 1
| #define LT_OBJDIR ".libs/"
| #define PACKAGE "leptonica"
| #define VERSION "1.84.1"
| #define HAVE_LIBZ 1
| #define HAVE_LIBPNG 1
| #define HAVE_LIBJPEG 1
| #define HAVE_LIBTIFF 1
| #define HAVE_LIBWEBP 1
| /* end confdefs.h.  */
| #include <openjpeg-2.3/openjpeg.h>
configure:14803: result: no
configure:14803: checking for openjpeg-2.3/openjpeg.h
configure:14803: result: no
configure:14803: checking openjpeg-2.2/openjpeg.h usability
configure:14803: gcc -c -g -O2  conftest.c >&5
conftest.c:61:10: fatal error: openjpeg-2.2/openjpeg.h: No such file or directory
 #include <openjpeg-2.2/openjpeg.h>
          ^~~~~~~~~~~~~~~~~~~~~~~~~
compilation terminated.
configure:14803: $? = 1
configure: failed program was:
| /* confdefs.h */
| #define PACKAGE_NAME "leptonica"
| #define PACKAGE_TARNAME "leptonica"
| #define PACKAGE_VERSION "1.84.1"
| #define PACKAGE_STRING "leptonica 1.84.1"
| #define PACKAGE_BUGREPORT ""
| #define PACKAGE_URL ""
| #define STDC_HEADERS 1
| #define HAVE_SYS_TYPES_H 1
| #define HAVE_SYS_STAT_H 1
| #define HAVE_STDLIB_H 1
| #define HAVE_STRING_H 1
| #define HAVE_MEMORY_H 1
| #define HAVE_STRINGS_H 1
| #define HAVE_INTTYPES_H 1
| #define HAVE_STDINT_H 1
| #define HAVE_UNISTD_H 1
| #define HAVE_DLFCN_H 1
| #define LT_OBJDIR ".libs/"
| #define PACKAGE "leptonica"
| #define VERSION "1.84.1"
| #define HAVE_LIBZ 1
| #define HAVE_LIBPNG 1
| #define HAVE_LIBJPEG 1
| #define HAVE_LIBTIFF 1
| #define HAVE_LIBWEBP 1
| /* end confdefs.h.  */
| #include <stdio.h>
| #ifdef HAVE_SYS_TYPES_H
| # include <sys/types.h>
| #endif
| #ifdef HAVE_SYS_STAT_H
| # include <sys/stat.h>
| #endif
| #ifdef STDC_HEADERS
| # include <stdlib.h>
| # include <stddef.h>
| #else
| # ifdef HAVE_STDLIB_H
| #  include <stdlib.h>
| # endif
| #endif
| #ifdef HAVE_STRING_H
| # if !defined STDC_HEADERS && defined HAVE_MEMORY_H
| #  include <memory.h>
| # endif
| # include <string.h>
| #endif
| #ifdef HAVE_STRINGS_H
| # include <strings.h>
| #endif
| #ifdef HAVE_INTTYPES_H
| # include <inttypes.h>
| #endif
| #ifdef HAVE_STDINT_H
| # include <stdint.h>
| #endif
| #ifdef HAVE_UNISTD_H
| # include <unistd.h>
| #endif
| #include <openjpeg-2.2/openjpeg.h>
configure:14803: result: no
configure:14803: checking openjpeg-2.2/openjpeg.h presence
configure:14803: gcc -E  conftest.c
conftest.c:28:10: fatal error: openjpeg-2.2/openjpeg.h: No such file or directory
 #include <openjpeg-2.2/openjpeg.h>
          ^~~~~~~~~~~~~~~~~~~~~~~~~
compilation terminated.
configure:14803: $? = 1
configure: failed program was:
| /* confdefs.h */
| #define PACKAGE_NAME "leptonica"
| #define PACKAGE_TARNAME "leptonica"
| #define PACKAGE_VERSION "1.84.1"
| #define PACKAGE_STRING "leptonica 1.84.1"
| #define PACKAGE_BUGREPORT ""
| #define PACKAGE_URL ""
| #define STDC_HEADERS 1
| #define HAVE_SYS_TYPES_H 1
| #define HAVE_SYS_STAT_H 1
| #define HAVE_STDLIB_H 1
| #define HAVE_STRING_H 1
| #define HAVE_MEMORY_H 1
| #define HAVE_STRINGS_H 1
| #define HAVE_INTTYPES_H 1
| #define HAVE_STDINT_H 1
| #define HAVE_UNISTD_H 1
| #define HAVE_DLFCN_H 1
| #define LT_OBJDIR ".libs/"
| #define PACKAGE "leptonica"
| #define VERSION "1.84.1"
| #define HAVE_LIBZ 1
| #define HAVE_LIBPNG 1
| #define HAVE_LIBJPEG 1
| #define HAVE_LIBTIFF 1
| #define HAVE_LIBWEBP 1
| /* end confdefs.h.  */
| #include <openjpeg-2.2/openjpeg.h>
configure:14803: result: no
configure:14803: checking for openjpeg-2.2/openjpeg.h
configure:14803: result: no
configure:14803: checking openjpeg-2.1/openjpeg.h usability
configure:14803: gcc -c -g -O2  conftest.c >&5
conftest.c:61:10: fatal error: openjpeg-2.1/openjpeg.h: No such file or directory
 #include <openjpeg-2.1/openjpeg.h>
          ^~~~~~~~~~~~~~~~~~~~~~~~~
compilation terminated.
configure:14803: $? = 1
configure: failed program was:
| /* confdefs.h */
| #define PACKAGE_NAME "leptonica"
| #define PACKAGE_TARNAME "leptonica"
| #define PACKAGE_VERSION "1.84.1"
| #define PACKAGE_STRING "leptonica 1.84.1"
| #define PACKAGE_BUGREPORT ""
| #define PACKAGE_URL ""
| #define STDC_HEADERS 1
| #define HAVE_SYS_TYPES_H 1
| #define HAVE_SYS_STAT_H 1
| #define HAVE_STDLIB_H 1
| #define HAVE_STRING_H 1
| #define HAVE_MEMORY_H 1
| #define HAVE_STRINGS_H 1
| #define HAVE_INTTYPES_H 1
| #define HAVE_STDINT_H 1
| #define HAVE_UNISTD_H 1
| #define HAVE_DLFCN_H 1
| #define LT_OBJDIR ".libs/"
| #define PACKAGE "leptonica"
| #define VERSION "1.84.1"
| #define HAVE_LIBZ 1
| #define HAVE_LIBPNG 1
| #define HAVE_LIBJPEG 1
| #define HAVE_LIBTIFF 1
| #define HAVE_LIBWEBP 1
| /* end confdefs.h.  */
| #include <stdio.h>
| #ifdef HAVE_SYS_TYPES_H
| # include <sys/types.h>
| #endif
| #ifdef HAVE_SYS_STAT_H
| # include <sys/stat.h>
| #endif
| #ifdef STDC_HEADERS
| # include <stdlib.h>
| # include <stddef.h>
| #else
| # ifdef HAVE_STDLIB_H
| #  include <stdlib.h>
| # endif
| #endif
| #ifdef HAVE_STRING_H
| # if !defined STDC_HEADERS && defined HAVE_MEMORY_H
| #  include <memory.h>
| # endif
| # include <string.h>
| #endif
| #ifdef HAVE_STRINGS_H
| # include <strings.h>
| #endif
| #ifdef HAVE_INTTYPES_H
| # include <inttypes.h>
| #endif
| #ifdef HAVE_STDINT_H
| # include <stdint.h>
| #endif
| #ifdef HAVE_UNISTD_H
| # include <unistd.h>
| #endif
| #include <openjpeg-2.1/openjpeg.h>
configure:14803: result: no
configure:14803: checking openjpeg-2.1/openjpeg.h presence
configure:14803: gcc -E  conftest.c
conftest.c:28:10: fatal error: openjpeg-2.1/openjpeg.h: No such file or directory
 #include <openjpeg-2.1/openjpeg.h>
          ^~~~~~~~~~~~~~~~~~~~~~~~~
compilation terminated.
configure:14803: $? = 1
configure: failed program was:
| /* confdefs.h */
| #define PACKAGE_NAME "leptonica"
| #define PACKAGE_TARNAME "leptonica"
| #define PACKAGE_VERSION "1.84.1"
| #define PACKAGE_STRING "leptonica 1.84.1"
| #define PACKAGE_BUGREPORT ""
| #define PACKAGE_URL ""
| #define STDC_HEADERS 1
| #define HAVE_SYS_TYPES_H 1
| #define HAVE_SYS_STAT_H 1
| #define HAVE_STDLIB_H 1
| #define HAVE_STRING_H 1
| #define HAVE_MEMORY_H 1
| #define HAVE_STRINGS_H 1
| #define HAVE_INTTYPES_H 1
| #define HAVE_STDINT_H 1
| #define HAVE_UNISTD_H 1
| #define HAVE_DLFCN_H 1
| #define LT_OBJDIR ".libs/"
| #define PACKAGE "leptonica"
| #define VERSION "1.84.1"
| #define HAVE_LIBZ 1
| #define HAVE_LIBPNG 1
| #define HAVE_LIBJPEG 1
| #define HAVE_LIBTIFF 1
| #define HAVE_LIBWEBP 1
| /* end confdefs.h.  */
| #include <openjpeg-2.1/openjpeg.h>
configure:14803: result: no
configure:14803: checking for openjpeg-2.1/openjpeg.h
configure:14803: result: no
configure:14803: checking openjpeg-2.0/openjpeg.h usability
configure:14803: gcc -c -g -O2  conftest.c >&5
conftest.c:61:10: fatal error: openjpeg-2.0/openjpeg.h: No such file or directory
 #include <openjpeg-2.0/openjpeg.h>
          ^~~~~~~~~~~~~~~~~~~~~~~~~
compilation terminated.
configure:14803: $? = 1
configure: failed program was:
| /* confdefs.h */
| #define PACKAGE_NAME "leptonica"
| #define PACKAGE_TARNAME "leptonica"
| #define PACKAGE_VERSION "1.84.1"
| #define PACKAGE_STRING "leptonica 1.84.1"
| #define PACKAGE_BUGREPORT ""
| #define PACKAGE_URL ""
| #define STDC_HEADERS 1
| #define HAVE_SYS_TYPES_H 1
| #define HAVE_SYS_STAT_H 1
| #define HAVE_STDLIB_H 1
| #define HAVE_STRING_H 1
| #define HAVE_MEMORY_H 1
| #define HAVE_STRINGS_H 1
| #define HAVE_INTTYPES_H 1
| #define HAVE_STDINT_H 1
| #define HAVE_UNISTD_H 1
| #define HAVE_DLFCN_H 1
| #define LT_OBJDIR ".libs/"
| #define PACKAGE "leptonica"
| #define VERSION "1.84.1"
| #define HAVE_LIBZ 1
| #define HAVE_LIBPNG 1
| #define HAVE_LIBJPEG 1
| #define HAVE_LIBTIFF 1
| #define HAVE_LIBWEBP 1
| /* end confdefs.h.  */
| #include <stdio.h>
| #ifdef HAVE_SYS_TYPES_H
| # include <sys/types.h>
| #endif
| #ifdef HAVE_SYS_STAT_H
| # include <sys/stat.h>
| #endif
| #ifdef STDC_HEADERS
| # include <stdlib.h>
| # include <stddef.h>
| #else
| # ifdef HAVE_STDLIB_H
| #  include <stdlib.h>
| # endif
| #endif
| #ifdef HAVE_STRING_H
| # if !defined STDC_HEADERS && defined HAVE_MEMORY_H
| #  include <memory.h>
| # endif
| # include <string.h>
| #endif
| #ifdef HAVE_STRINGS_H
| # include <strings.h>
| #endif
| #ifdef HAVE_INTTYPES_H
| # include <inttypes.h>
| #endif
| #ifdef HAVE_STDINT_H
| # include <stdint.h>
| #endif
| #ifdef HAVE_UNISTD_H
| # include <unistd.h>
| #endif
| #include <openjpeg-2.0/openjpeg.h>
configure:14803: result: no
configure:14803: checking openjpeg-2.0/openjpeg.h presence
configure:14803: gcc -E  conftest.c
conftest.c:28:10: fatal error: openjpeg-2.0/openjpeg.h: No such file or directory
 #include <openjpeg-2.0/openjpeg.h>
          ^~~~~~~~~~~~~~~~~~~~~~~~~
compilation terminated.
configure:14803: $? = 1
configure: failed program was:
| /* confdefs.h */
| #define PACKAGE_NAME "leptonica"
| #define PACKAGE_TARNAME "leptonica"
| #define PACKAGE_VERSION "1.84.1"
| #define PACKAGE_STRING "leptonica 1.84.1"
| #define PACKAGE_BUGREPORT ""
| #define PACKAGE_URL ""
| #define STDC_HEADERS 1
| #define HAVE_SYS_TYPES_H 1
| #define HAVE_SYS_STAT_H 1
| #define HAVE_STDLIB_H 1
| #define HAVE_STRING_H 1
| #define HAVE_MEMORY_H 1
| #define HAVE_STRINGS_H 1
| #define HAVE_INTTYPES_H 1
| #define HAVE_STDINT_H 1
| #define HAVE_UNISTD_H 1
| #define HAVE_DLFCN_H 1
| #define LT_OBJDIR ".libs/"
| #define PACKAGE "leptonica"
| #define VERSION "1.84.1"
| #define HAVE_LIBZ 1
| #define HAVE_LIBPNG 1
| #define HAVE_LIBJPEG 1
| #define HAVE_LIBTIFF 1
| #define HAVE_LIBWEBP 1
| /* end confdefs.h.  */
| #include <openjpeg-2.0/openjpeg.h>
configure:14803: result: no
configure:14803: checking for openjpeg-2.0/openjpeg.h
configure:14803: result: no
configure:14942: checking whether to enable debugging
configure:14949: result: 
configure:14974: checking whether make supports nested variables
configure:14991: result: yes
configure:15004: checking for size_t
configure:15004: gcc -c -g -O2  conftest.c >&5
configure:15004: $? = 0
configure:15004: gcc -c -g -O2  conftest.c >&5
conftest.c: In function 'main':
conftest.c:64:21: error: expected expression before ')' token
 if (sizeof ((size_t)))
                     ^
configure:15004: $? = 1
configure: failed program was:
| /* confdefs.h */
| #define PACKAGE_NAME "leptonica"
| #define PACKAGE_TARNAME "leptonica"
| #define PACKAGE_VERSION "1.84.1"
| #define PACKAGE_STRING "leptonica 1.84.1"
| #define PACKAGE_BUGREPORT ""
| #define PACKAGE_URL ""
| #define STDC_HEADERS 1
| #define HAVE_SYS_TYPES_H 1
| #define HAVE_SYS_STAT_H 1
| #define HAVE_STDLIB_H 1
| #define HAVE_STRING_H 1
| #define HAVE_MEMORY_H 1
| #define HAVE_STRINGS_H 1
| #define HAVE_INTTYPES_H 1
| #define HAVE_STDINT_H 1
| #define HAVE_UNISTD_H 1
| #define HAVE_DLFCN_H 1
| #define LT_OBJDIR ".libs/"
| #define PACKAGE "leptonica"
| #define VERSION "1.84.1"
| #define HAVE_LIBZ 1
| #define HAVE_LIBPNG 1
| #define HAVE_LIBJPEG 1
| #define HAVE_LIBTIFF 1
| #define HAVE_LIBWEBP 1
| /* end confdefs.h.  */
| #include <stdio.h>
| #ifdef HAVE_SYS_TYPES_H
| # include <sys/types.h>
| #endif
| #ifdef HAVE_SYS_STAT_H
| # include <sys/stat.h>
| #endif
| #ifdef STDC_HEADERS
| # include <stdlib.h>
| # include <stddef.h>
| #else
| # ifdef HAVE_STDLIB_H
| #  include <stdlib.h>
| # endif
| #endif
| #ifdef HAVE_STRING_H
| # if !defined STDC_HEADERS && defined HAVE_MEMORY_H
| #  include <memory.h>
| # endif
| # include <string.h>
| #endif
| #ifdef HAVE_STRINGS_H
| # include <strings.h>
| #endif
| #ifdef HAVE_INTTYPES_H
| # include <inttypes.h>
| #endif
| #ifdef HAVE_STDINT_H
| # include <stdint.h>
| #endif
| #ifdef HAVE_UNISTD_H
| # include <unistd.h>
| #endif
| int
| main ()
| {
| if (sizeof ((size_t)))
| 	    return 0;
|   ;
|   return 0;
| }
configure:15004: result: yes
configure:15015: checking whether byte ordering is bigendian
configure:15030: gcc -c -g -O2  conftest.c >&5
conftest.c:29:9: error: unknown type name 'not'
         not a universal capable compiler
         ^~~
conftest.c:29:15: error: expected '=', ',', ';', 'asm' or '__attribute__' before 'universal'
         not a universal capable compiler
               ^~~~~~~~~
conftest.c:29:15: error: unknown type name 'universal'
configure:15030: $? = 1
configure: failed program was:
| /* confdefs.h */
| #define PACKAGE_NAME "leptonica"
| #define PACKAGE_TARNAME "leptonica"
| #define PACKAGE_VERSION "1.84.1"
| #define PACKAGE_STRING "leptonica 1.84.1"
| #define PACKAGE_BUGREPORT ""
| #define PACKAGE_URL ""
| #define STDC_HEADERS 1
| #define HAVE_SYS_TYPES_H 1
| #define HAVE_SYS_STAT_H 1
| #define HAVE_STDLIB_H 1
| #define HAVE_STRING_H 1
| #define HAVE_MEMORY_H 1
| #define HAVE_STRINGS_H 1
| #define HAVE_INTTYPES_H 1
| #define HAVE_STDINT_H 1
| #define HAVE_UNISTD_H 1
| #define HAVE_DLFCN_H 1
| #define LT_OBJDIR ".libs/"
| #define PACKAGE "leptonica"
| #define VERSION "1.84.1"
| #define HAVE_LIBZ 1
| #define HAVE_LIBPNG 1
| #define HAVE_LIBJPEG 1
| #define HAVE_LIBTIFF 1
| #define HAVE_LIBWEBP 1
| /* end confdefs.h.  */
| #ifndef __APPLE_CC__
| 	       not a universal capable compiler
| 	     #endif
| 	     typedef int dummy;
| 
configure:15075: gcc -c -g -O2  conftest.c >&5
configure:15075: $? = 0
configure:15093: gcc -c -g -O2  conftest.c >&5
conftest.c: In function 'main':
conftest.c:35:4: error: unknown type name 'not'; did you mean 'ino_t'?
    not big endian
    ^~~
    ino_t
conftest.c:35:12: error: expected '=', ',', ';', 'asm' or '__attribute__' before 'endian'
    not big endian
            ^~~~~~
configure:15093: $? = 1
configure: failed program was:
| /* confdefs.h */
| #define PACKAGE_NAME "leptonica"
| #define PACKAGE_TARNAME "leptonica"
| #define PACKAGE_VERSION "1.84.1"
| #define PACKAGE_STRING "leptonica 1.84.1"
| #define PACKAGE_BUGREPORT ""
| #define PACKAGE_URL ""
| #define STDC_HEADERS 1
| #define HAVE_SYS_TYPES_H 1
| #define HAVE_SYS_STAT_H 1
| #define HAVE_STDLIB_H 1
| #define HAVE_STRING_H 1
| #define HAVE_MEMORY_H 1
| #define HAVE_STRINGS_H 1
| #define HAVE_INTTYPES_H 1
| #define HAVE_STDINT_H 1
| #define HAVE_UNISTD_H 1
| #define HAVE_DLFCN_H 1
| #define LT_OBJDIR ".libs/"
| #define PACKAGE "leptonica"
| #define VERSION "1.84.1"
| #define HAVE_LIBZ 1
| #define HAVE_LIBPNG 1
| #define HAVE_LIBJPEG 1
| #define HAVE_LIBTIFF 1
| #define HAVE_LIBWEBP 1
| /* end confdefs.h.  */
| #include <sys/types.h>
| 		#include <sys/param.h>
| 
| int
| main ()
| {
| #if BYTE_ORDER != BIG_ENDIAN
| 		 not big endian
| 		#endif
| 
|   ;
|   return 0;
| }
configure:15221: result: no
configure:15253: checking whether compiler supports -Wl,--as-needed
configure:15269: gcc -o conftest -g -O2  -Wl,--as-needed  conftest.c  >&5
configure:15269: $? = 0
configure:15270: result: yes
configure:15283: checking for fmemopen
configure:15283: gcc -o conftest -g -O2  -Wl,--as-needed  conftest.c  >&5
configure:15283: $? = 0
configure:15283: result: yes
configure:15292: checking for fstatat
configure:15292: gcc -o conftest -g -O2  -Wl,--as-needed  conftest.c  >&5
configure:15292: $? = 0
configure:15292: result: yes
configure:15297: checking for dirfd
configure:15297: gcc -o conftest -g -O2  -Wl,--as-needed  conftest.c  >&5
configure:15297: $? = 0
configure:15297: result: yes
configure:15313: checking Major version
configure:15315: result: 1
configure:15317: checking Minor version
configure:15319: result: 84
configure:15321: checking Point version
configure:15323: result: 1
configure:15345: checking whether ln -s works
configure:15349: result: yes
configure:15466: checking that generated files are newer than configure
configure:15472: result: done
configure:15516: creating ./config.status

## ---------------------- ##
## Running config.status. ##
## ---------------------- ##

This file was extended by leptonica config.status 1.84.1, which was
generated by GNU Autoconf 2.69.  Invocation command line was

  CONFIG_FILES    = 
  CONFIG_HEADERS  = 
  CONFIG_LINKS    = 
  CONFIG_COMMANDS = 
  $ ./config.status 

on ip-172-16-35-17.us-west-2.compute.internal

config.status:1140: creating Makefile
config.status:1140: creating src/endianness.h
config.status:1140: creating src/Makefile
config.status:1140: creating prog/Makefile
config.status:1140: creating lept.pc
config.status:1140: creating cmake/templates/LeptonicaConfig.cmake
config.status:1140: creating cmake/templates/LeptonicaConfig-version.cmake
config.status:1140: creating config_auto.h
config.status:1369: executing libtool commands
config.status:1369: executing depfiles commands
config.status:1988: cd src       && sed -e '/# am--include-marker/d' Makefile         | make -f - am--depfiles
config.status:1993: $? = 0
config.status:1988: cd prog       && sed -e '/# am--include-marker/d' Makefile         | make -f - am--depfiles
config.status:1993: $? = 0

## ---------------- ##
## Cache variables. ##
## ---------------- ##

ac_cv_build=x86_64-pc-linux-gnu
ac_cv_c_bigendian=no
ac_cv_c_compiler_gnu=yes
ac_cv_env_CC_set=
ac_cv_env_CC_value=
ac_cv_env_CFLAGS_set=
ac_cv_env_CFLAGS_value=
ac_cv_env_CPPFLAGS_set=
ac_cv_env_CPPFLAGS_value=
ac_cv_env_CPP_set=
ac_cv_env_CPP_value=
ac_cv_env_JPEG_CFLAGS_set=
ac_cv_env_JPEG_CFLAGS_value=
ac_cv_env_JPEG_LIBS_set=
ac_cv_env_JPEG_LIBS_value=
ac_cv_env_LDFLAGS_set=
ac_cv_env_LDFLAGS_value=
ac_cv_env_LIBJP2K_CFLAGS_set=
ac_cv_env_LIBJP2K_CFLAGS_value=
ac_cv_env_LIBJP2K_LIBS_set=
ac_cv_env_LIBJP2K_LIBS_value=
ac_cv_env_LIBPNG_CFLAGS_set=
ac_cv_env_LIBPNG_CFLAGS_value=
ac_cv_env_LIBPNG_LIBS_set=
ac_cv_env_LIBPNG_LIBS_value=
ac_cv_env_LIBS_set=
ac_cv_env_LIBS_value=
ac_cv_env_LIBTIFF_CFLAGS_set=
ac_cv_env_LIBTIFF_CFLAGS_value=
ac_cv_env_LIBTIFF_LIBS_set=
ac_cv_env_LIBTIFF_LIBS_value=
ac_cv_env_LIBWEBPMUX_CFLAGS_set=
ac_cv_env_LIBWEBPMUX_CFLAGS_value=
ac_cv_env_LIBWEBPMUX_LIBS_set=
ac_cv_env_LIBWEBPMUX_LIBS_value=
ac_cv_env_LIBWEBP_CFLAGS_set=
ac_cv_env_LIBWEBP_CFLAGS_value=
ac_cv_env_LIBWEBP_LIBS_set=
ac_cv_env_LIBWEBP_LIBS_value=
ac_cv_env_LT_SYS_LIBRARY_PATH_set=
ac_cv_env_LT_SYS_LIBRARY_PATH_value=
ac_cv_env_PKG_CONFIG_LIBDIR_set=
ac_cv_env_PKG_CONFIG_LIBDIR_value=
ac_cv_env_PKG_CONFIG_PATH_set=
ac_cv_env_PKG_CONFIG_PATH_value=
ac_cv_env_PKG_CONFIG_set=
ac_cv_env_PKG_CONFIG_value=
ac_cv_env_ZLIB_CFLAGS_set=
ac_cv_env_ZLIB_CFLAGS_value=
ac_cv_env_ZLIB_LIBS_set=
ac_cv_env_ZLIB_LIBS_value=
ac_cv_env_build_alias_set=
ac_cv_env_build_alias_value=
ac_cv_env_host_alias_set=
ac_cv_env_host_alias_value=
ac_cv_env_target_alias_set=
ac_cv_env_target_alias_value=
ac_cv_func_dirfd=yes
ac_cv_func_fmemopen=yes
ac_cv_func_fstatat=yes
ac_cv_header_dlfcn_h=yes
ac_cv_header_gif_lib_h=no
ac_cv_header_inttypes_h=yes
ac_cv_header_memory_h=yes
ac_cv_header_openjpeg_2_0_openjpeg_h=no
ac_cv_header_openjpeg_2_1_openjpeg_h=no
ac_cv_header_openjpeg_2_2_openjpeg_h=no
ac_cv_header_openjpeg_2_3_openjpeg_h=no
ac_cv_header_stdc=yes
ac_cv_header_stdint_h=yes
ac_cv_header_stdlib_h=yes
ac_cv_header_string_h=yes
ac_cv_header_strings_h=yes
ac_cv_header_sys_stat_h=yes
ac_cv_header_sys_types_h=yes
ac_cv_header_unistd_h=yes
ac_cv_host=x86_64-pc-linux-gnu
ac_cv_lib_gif_DGifOpenFileHandle=no
ac_cv_lib_m_cos=yes
ac_cv_lib_openjp2_opj_create_decompress=no
ac_cv_lib_webpmux_WebPAnimEncoderOptionsInit=no
ac_cv_objext=o
ac_cv_path_EGREP='/bin/grep -E'
ac_cv_path_FGREP='/bin/grep -F'
ac_cv_path_GREP=/bin/grep
ac_cv_path_SED=/bin/sed
ac_cv_path_ac_pt_PKG_CONFIG=/bin/pkg-config
ac_cv_path_install='/bin/install -c'
ac_cv_path_lt_DD=/bin/dd
ac_cv_path_mkdir=/bin/mkdir
ac_cv_prog_AWK=gawk
ac_cv_prog_CPP='gcc -E'
ac_cv_prog_ac_ct_AR=ar
ac_cv_prog_ac_ct_CC=gcc
ac_cv_prog_ac_ct_OBJDUMP=objdump
ac_cv_prog_ac_ct_RANLIB=ranlib
ac_cv_prog_ac_ct_STRIP=strip
ac_cv_prog_cc_c89=
ac_cv_prog_cc_g=yes
ac_cv_prog_make_make_set=yes
ac_cv_type_size_t=yes
am_cv_CC_dependencies_compiler_type=gcc3
am_cv_make_support_nested_variables=yes
am_cv_prog_cc_c_o=yes
lt_cv_ar_at_file=@
lt_cv_archive_cmds_need_lc=no
lt_cv_deplibs_check_method=pass_all
lt_cv_file_magic_cmd='$MAGIC_CMD'
lt_cv_file_magic_test_file=
lt_cv_ld_reload_flag=-r
lt_cv_nm_interface='BSD nm'
lt_cv_objdir=.libs
lt_cv_path_LD=/bin/ld
lt_cv_path_NM='/bin/nm -B'
lt_cv_path_mainfest_tool=no
lt_cv_prog_compiler_c_o=yes
lt_cv_prog_compiler_pic='-fPIC -DPIC'
lt_cv_prog_compiler_pic_works=yes
lt_cv_prog_compiler_rtti_exceptions=no
lt_cv_prog_compiler_static_works=no
lt_cv_prog_gnu_ld=yes
lt_cv_sharedlib_from_linklib_cmd='printf %s\n'
lt_cv_shlibpath_overrides_runpath=no
lt_cv_sys_global_symbol_pipe='sed -n -e '\''s/^.*[	 ]\([ABCDGIRSTW][ABCDGIRSTW]*\)[	 ][	 ]*\([_A-Za-z][_A-Za-z0-9]*\)$/\1 \2 \2/p'\'' | sed '\''/ __gnu_lto/d'\'''
lt_cv_sys_global_symbol_to_c_name_address='sed -n -e '\''s/^: \(.*\) .*$/  {"\1", (void *) 0},/p'\'' -e '\''s/^[ABCDGIRSTW][ABCDGIRSTW]* .* \(.*\)$/  {"\1", (void *) \&\1},/p'\'''
lt_cv_sys_global_symbol_to_c_name_address_lib_prefix='sed -n -e '\''s/^: \(.*\) .*$/  {"\1", (void *) 0},/p'\'' -e '\''s/^[ABCDGIRSTW][ABCDGIRSTW]* .* \(lib.*\)$/  {"\1", (void *) \&\1},/p'\'' -e '\''s/^[ABCDGIRSTW][ABCDGIRSTW]* .* \(.*\)$/  {"lib\1", (void *) \&\1},/p'\'''
lt_cv_sys_global_symbol_to_cdecl='sed -n -e '\''s/^T .* \(.*\)$/extern int \1();/p'\'' -e '\''s/^[ABCDGIRSTW][ABCDGIRSTW]* .* \(.*\)$/extern char \1;/p'\'''
lt_cv_sys_global_symbol_to_import=
lt_cv_sys_max_cmd_len=1572864
lt_cv_to_host_file_cmd=func_convert_file_noop
lt_cv_to_tool_file_cmd=func_convert_file_noop
lt_cv_truncate_bin='/bin/dd bs=4096 count=1'
pkg_cv_JPEG_CFLAGS=' '
pkg_cv_JPEG_LIBS='-ljpeg  '
pkg_cv_LIBPNG_CFLAGS='-I/usr/include/libpng15  '
pkg_cv_LIBPNG_LIBS='-lpng15  '
pkg_cv_LIBTIFF_CFLAGS=' '
pkg_cv_LIBTIFF_LIBS='-ltiff  '
pkg_cv_LIBWEBP_CFLAGS=' '
pkg_cv_LIBWEBP_LIBS='-lwebp  '
pkg_cv_ZLIB_CFLAGS=' '
pkg_cv_ZLIB_LIBS='-lz  '

## ----------------- ##
## Output variables. ##
## ----------------- ##

ACLOCAL='${SHELL} /home/ec2-user/SageMaker/aws-ai-ml-workshop-kr/genai/aws-gen-ai-kr/20_applications/02_qa_chatbot/10_hands_on_lab/02_rag_over_complex_pdf/setup/leptonica-1.84.1/config/missing aclocal-1.16'
AMDEPBACKSLASH='\'
AMDEP_FALSE='#'
AMDEP_TRUE=''
AMTAR='$${TAR-tar}'
AM_BACKSLASH='\'
AM_DEFAULT_V='$(AM_DEFAULT_VERBOSITY)'
AM_DEFAULT_VERBOSITY='0'
AM_V='$(V)'
APPLE_UNIVERSAL_BUILD='0'
AR='ar'
AUTOCONF='${SHELL} /home/ec2-user/SageMaker/aws-ai-ml-workshop-kr/genai/aws-gen-ai-kr/20_applications/02_qa_chatbot/10_hands_on_lab/02_rag_over_complex_pdf/setup/leptonica-1.84.1/config/missing autoconf'
AUTOHEADER='${SHELL} /home/ec2-user/SageMaker/aws-ai-ml-workshop-kr/genai/aws-gen-ai-kr/20_applications/02_qa_chatbot/10_hands_on_lab/02_rag_over_complex_pdf/setup/leptonica-1.84.1/config/missing autoheader'
AUTOMAKE='${SHELL} /home/ec2-user/SageMaker/aws-ai-ml-workshop-kr/genai/aws-gen-ai-kr/20_applications/02_qa_chatbot/10_hands_on_lab/02_rag_over_complex_pdf/setup/leptonica-1.84.1/config/missing automake-1.16'
AWK='gawk'
CC='gcc'
CCDEPMODE='depmode=gcc3'
CFLAGS='-g -O2'
CPP='gcc -E'
CPPFLAGS=''
CYGPATH_W='echo'
DEFS='-DHAVE_CONFIG_H'
DEPDIR='.deps'
DLLTOOL='false'
DSYMUTIL=''
DUMPBIN=''
ECHO_C=''
ECHO_N='-n'
ECHO_T=''
EGREP='/bin/grep -E'
ENABLE_PROGRAMS_FALSE='#'
ENABLE_PROGRAMS_TRUE=''
ENDIANNESS='L_LITTLE_ENDIAN'
EXEEXT=''
FGREP='/bin/grep -F'
GDI_LIBS=''
GIFLIB_LIBS=''
GREP='/bin/grep'
HAVE_LIBGIF_FALSE=''
HAVE_LIBGIF_TRUE='#'
HAVE_LIBJP2K_FALSE=''
HAVE_LIBJP2K_TRUE='#'
HAVE_LIBWEBP_ANIM_FALSE=''
HAVE_LIBWEBP_ANIM_TRUE='#'
HAVE_LIBWEBP_FALSE='#'
HAVE_LIBWEBP_TRUE=''
INCLUDE_DIR='NONE/include/leptonica'
INSTALL_DATA='${INSTALL} -m 644'
INSTALL_PROGRAM='${INSTALL}'
INSTALL_SCRIPT='${INSTALL}'
INSTALL_STRIP_PROGRAM='$(install_sh) -c -s'
JPEG_CFLAGS=' '
JPEG_LIBS='-ljpeg  '
LD='/bin/ld -m elf_x86_64'
LDFLAGS='-Wl,--as-needed '
LIBJP2K_CFLAGS=''
LIBJP2K_LIBS=''
LIBM='-lm'
LIBOBJS=''
LIBPNG_CFLAGS='-I/usr/include/libpng15  '
LIBPNG_LIBS='-lpng15  '
LIBS=''
LIBTIFF_CFLAGS=' '
LIBTIFF_LIBS='-ltiff  '
LIBTOOL='$(SHELL) $(top_builddir)/libtool'
LIBWEBPMUX_CFLAGS=''
LIBWEBPMUX_LIBS=''
LIBWEBP_CFLAGS=' '
LIBWEBP_LIBS='-lwebp  '
LIPO=''
LN_S='ln -s'
LTLIBOBJS=''
LT_SYS_LIBRARY_PATH=''
MAKEINFO='${SHELL} /home/ec2-user/SageMaker/aws-ai-ml-workshop-kr/genai/aws-gen-ai-kr/20_applications/02_qa_chatbot/10_hands_on_lab/02_rag_over_complex_pdf/setup/leptonica-1.84.1/config/missing makeinfo'
MANIFEST_TOOL=':'
MKDIR_P='/bin/mkdir -p'
NM='/bin/nm -B'
NMEDIT=''
OBJDUMP='objdump'
OBJEXT='o'
OTOOL64=''
OTOOL=''
PACKAGE='leptonica'
PACKAGE_BUGREPORT=''
PACKAGE_NAME='leptonica'
PACKAGE_STRING='leptonica 1.84.1'
PACKAGE_TARNAME='leptonica'
PACKAGE_URL=''
PACKAGE_VERSION='1.84.1'
PATH_SEPARATOR=':'
PKG_CONFIG='/bin/pkg-config'
PKG_CONFIG_LIBDIR=''
PKG_CONFIG_PATH=''
RANLIB='ranlib'
SED='/bin/sed'
SET_MAKE=''
SHELL='/bin/sh'
STRIP='strip'
VERSION='1.84.1'
VERSION_MAJOR='1'
VERSION_MINOR='84'
VERSION_PATCH='1'
VERSION_PLAIN='1.84.1'
ZLIB_CFLAGS=' '
ZLIB_LIBS='-lz  '
ac_ct_AR='ar'
ac_ct_CC='gcc'
ac_ct_DUMPBIN=''
am__EXEEXT_FALSE=''
am__EXEEXT_TRUE='#'
am__fastdepCC_FALSE='#'
am__fastdepCC_TRUE=''
am__include='include'
am__isrc=''
am__leading_dot='.'
am__nodep='_no'
am__quote=''
am__tar='$${TAR-tar} chof - "$$tardir"'
am__untar='$${TAR-tar} xf -'
bindir='${exec_prefix}/bin'
build='x86_64-pc-linux-gnu'
build_alias=''
build_cpu='x86_64'
build_os='linux-gnu'
build_vendor='pc'
datadir='${datarootdir}'
datarootdir='${prefix}/share'
docdir='${datarootdir}/doc/${PACKAGE_TARNAME}'
dvidir='${docdir}'
exec_prefix='${prefix}'
host='x86_64-pc-linux-gnu'
host_alias=''
host_cpu='x86_64'
host_os='linux-gnu'
host_vendor='pc'
htmldir='${docdir}'
includedir='${prefix}/include'
infodir='${datarootdir}/info'
install_sh='${SHELL} /home/ec2-user/SageMaker/aws-ai-ml-workshop-kr/genai/aws-gen-ai-kr/20_applications/02_qa_chatbot/10_hands_on_lab/02_rag_over_complex_pdf/setup/leptonica-1.84.1/config/install-sh'
leptonica_OUTPUT_NAME='leptonica'
libdir='${exec_prefix}/lib'
libexecdir='${exec_prefix}/libexec'
localedir='${datarootdir}/locale'
localstatedir='${prefix}/var'
mandir='${datarootdir}/man'
mkdir_p='$(MKDIR_P)'
oldincludedir='/usr/include'
pdfdir='${docdir}'
prefix='/usr/local'
program_transform_name='s,x,x,'
psdir='${docdir}'
runstatedir='${localstatedir}/run'
sbindir='${exec_prefix}/sbin'
sharedstatedir='${prefix}/com'
sysconfdir='${prefix}/etc'
target_alias=''

## ----------- ##
## confdefs.h. ##
## ----------- ##

/* confdefs.h */
#define PACKAGE_NAME "leptonica"
#define PACKAGE_TARNAME "leptonica"
#define PACKAGE_VERSION "1.84.1"
#define PACKAGE_STRING "leptonica 1.84.1"
#define PACKAGE_BUGREPORT ""
#define PACKAGE_URL ""
#define STDC_HEADERS 1
#define HAVE_SYS_TYPES_H 1
#define HAVE_SYS_STAT_H 1
#define HAVE_STDLIB_H 1
#define HAVE_STRING_H 1
#define HAVE_MEMORY_H 1
#define HAVE_STRINGS_H 1
#define HAVE_INTTYPES_H 1
#define HAVE_STDINT_H 1
#define HAVE_UNISTD_H 1
#define HAVE_DLFCN_H 1
#define LT_OBJDIR ".libs/"
#define PACKAGE "leptonica"
#define VERSION "1.84.1"
#define HAVE_LIBZ 1
#define HAVE_LIBPNG 1
#define HAVE_LIBJPEG 1
#define HAVE_LIBTIFF 1
#define HAVE_LIBWEBP 1
#define HAVE_FMEMOPEN 1

configure: exit 0
